<?xml version="1.0" encoding="UTF-8"?>
<!-- Generated by org.testng.reporters.JUnitReportReporter -->
<testsuite skipped="0" hostname="Auchans-Air-2" name="NewTest" tests="1" failures="0" timestamp="27 Sep 2019 08:04:16 GMT" time="8.511" errors="0">
  <testcase name="f" time="8.511" classname="NewTest"/>
</testsuite> <!-- NewTest -->
