<?xml version="1.0" encoding="UTF-8"?>
<!-- Generated by org.testng.reporters.JUnitReportReporter -->
<testsuite skipped="0" hostname="Auchans-Air-2" name="NewTest" tests="1" failures="0" timestamp="27 Sep 2019 08:20:40 GMT" time="6.859" errors="0">
  <testcase name="test1" time="6.859" classname="NewTest"/>
</testsuite> <!-- NewTest -->
